<?xml version="1.0" encoding="UTF-8"?>
<testsuite xmlns:xsi="http://www.w3.org/2001/XMLSchema-instance" xsi:noNamespaceSchemaLocation="https://maven.apache.org/surefire/maven-surefire-plugin/xsd/surefire-test-report-3.0.xsd" version="3.0" name="BurgerTest" time="0.971" tests="6" errors="0" skipped="0" failures="0">
  <properties>
    <property name="sun.desktop" value="windows"/>
    <property name="awt.toolkit" value="sun.awt.windows.WToolkit"/>
    <property name="java.specification.version" value="11"/>
    <property name="sun.cpu.isalist" value="amd64"/>
    <property name="sun.jnu.encoding" value="Cp1251"/>
    <property name="java.class.path" value="C:\Users\Darya\project\QA-java-diplom-1-main\target\test-classes;C:\Users\Darya\project\QA-java-diplom-1-main\target\classes;C:\Users\Darya\.m2\repository\junit\junit\4.13.2\junit-4.13.2.jar;C:\Users\Darya\.m2\repository\org\hamcrest\hamcrest-core\1.3\hamcrest-core-1.3.jar;C:\Users\Darya\.m2\repository\org\mockito\mockito-core\4.8.0\mockito-core-4.8.0.jar;C:\Users\Darya\.m2\repository\net\bytebuddy\byte-buddy\1.12.14\byte-buddy-1.12.14.jar;C:\Users\Darya\.m2\repository\net\bytebuddy\byte-buddy-agent\1.12.14\byte-buddy-agent-1.12.14.jar;C:\Users\Darya\.m2\repository\org\objenesis\objenesis\3.2\objenesis-3.2.jar;"/>
    <property name="java.vm.vendor" value="Amazon.com Inc."/>
    <property name="sun.arch.data.model" value="64"/>
    <property name="user.variant" value=""/>
    <property name="java.vendor.url" value="https://aws.amazon.com/corretto/"/>
    <property name="user.timezone" value="Europe/Samara"/>
    <property name="java.vm.specification.version" value="11"/>
    <property name="os.name" value="Windows 10"/>
    <property name="sun.java.launcher" value="SUN_STANDARD"/>
    <property name="user.country" value="RU"/>
    <property name="sun.boot.library.path" value="C:\Program Files\Amazon Corretto\jdk11.0.23_9\bin"/>
    <property name="sun.java.command" value="C:\Users\Darya\AppData\Local\Temp\surefire11710463460663325459\surefirebooter-20241031184244139_3.jar C:\Users\Darya\AppData\Local\Temp\surefire11710463460663325459 2024-10-31T18-42-43_919-jvmRun1 surefire-20241031184244139_1tmp surefire_0-20241031184244139_2tmp"/>
    <property name="jdk.debug" value="release"/>
    <property name="surefire.test.class.path" value="C:\Users\Darya\project\QA-java-diplom-1-main\target\test-classes;C:\Users\Darya\project\QA-java-diplom-1-main\target\classes;C:\Users\Darya\.m2\repository\junit\junit\4.13.2\junit-4.13.2.jar;C:\Users\Darya\.m2\repository\org\hamcrest\hamcrest-core\1.3\hamcrest-core-1.3.jar;C:\Users\Darya\.m2\repository\org\mockito\mockito-core\4.8.0\mockito-core-4.8.0.jar;C:\Users\Darya\.m2\repository\net\bytebuddy\byte-buddy\1.12.14\byte-buddy-1.12.14.jar;C:\Users\Darya\.m2\repository\net\bytebuddy\byte-buddy-agent\1.12.14\byte-buddy-agent-1.12.14.jar;C:\Users\Darya\.m2\repository\org\objenesis\objenesis\3.2\objenesis-3.2.jar;"/>
    <property name="sun.cpu.endian" value="little"/>
    <property name="user.home" value="C:\Users\Darya"/>
    <property name="user.language" value="ru"/>
    <property name="java.specification.vendor" value="Oracle Corporation"/>
    <property name="java.version.date" value="2024-04-16"/>
    <property name="java.home" value="C:\Program Files\Amazon Corretto\jdk11.0.23_9"/>
    <property name="file.separator" value="\"/>
    <property name="basedir" value="C:\Users\Darya\project\QA-java-diplom-1-main"/>
    <property name="java.vm.compressedOopsMode" value="32-bit"/>
    <property name="line.separator" value="&#10;"/>
    <property name="java.specification.name" value="Java Platform API Specification"/>
    <property name="java.vm.specification.vendor" value="Oracle Corporation"/>
    <property name="java.awt.graphicsenv" value="sun.awt.Win32GraphicsEnvironment"/>
    <property name="surefire.real.class.path" value="C:\Users\Darya\AppData\Local\Temp\surefire11710463460663325459\surefirebooter-20241031184244139_3.jar"/>
    <property name="user.script" value=""/>
    <property name="sun.management.compiler" value="HotSpot 64-Bit Tiered Compilers"/>
    <property name="java.runtime.version" value="11.0.23+9-LTS"/>
    <property name="user.name" value="Дарья"/>
    <property name="path.separator" value=";"/>
    <property name="os.version" value="10.0"/>
    <property name="java.runtime.name" value="OpenJDK Runtime Environment"/>
    <property name="file.encoding" value="Cp1251"/>
    <property name="java.vm.name" value="OpenJDK 64-Bit Server VM"/>
    <property name="java.vendor.version" value="Corretto-11.0.23.9.1"/>
    <property name="localRepository" value="C:\Users\Darya\.m2\repository"/>
    <property name="java.vendor.url.bug" value="https://github.com/corretto/corretto-11/issues/"/>
    <property name="java.io.tmpdir" value="C:\Users\Darya\AppData\Local\Temp\"/>
    <property name="java.version" value="11.0.23"/>
    <property name="user.dir" value="C:\Users\Darya\project\QA-java-diplom-1-main"/>
    <property name="os.arch" value="amd64"/>
    <property name="java.vm.specification.name" value="Java Virtual Machine Specification"/>
    <property name="java.awt.printerjob" value="sun.awt.windows.WPrinterJob"/>
    <property name="sun.os.patch.level" value=""/>
    <property name="java.library.path" value="C:\Program Files\Amazon Corretto\jdk11.0.23_9\bin;C:\Windows\Sun\Java\bin;C:\Windows\system32;C:\Windows;C:\Program Files\Amazon Corretto\jdk11.0.23_9\bin\;C:\Windows\System32;C:\Windows\System32\WindowsPowerShell\v1.0;C:\Program Files\Git\bin;C:\Program Files\Git\cmd;C:\Program Files\apache-maven-3.9.8\bin;C:\Program Files\allure-2.15.0\bin;;."/>
    <property name="java.vm.info" value="mixed mode"/>
    <property name="java.vendor" value="Amazon.com Inc."/>
    <property name="java.vm.version" value="11.0.23+9-LTS"/>
    <property name="java.specification.maintenance.version" value="2"/>
    <property name="sun.io.unicode.encoding" value="UnicodeLittle"/>
    <property name="java.class.version" value="55.0"/>
  </properties>
  <testcase name="getPriceTest" classname="BurgerTest" time="0.257"/>
  <testcase name="moveIngredientsTest" classname="BurgerTest" time="0.001"/>
  <testcase name="addIngredientTest" classname="BurgerTest" time="0.001"/>
  <testcase name="createBurgerTest" classname="BurgerTest" time="0.0"/>
  <testcase name="removeIngredientTest" classname="BurgerTest" time="0.001"/>
  <testcase name="getReceiptTest" classname="BurgerTest" time="0.046"/>
</testsuite>